<?xml version="1.0" encoding="UTF-8"?>
<!-- Generated by org.testng.reporters.JUnitReportReporter -->
<testsuite hostname="SHI58495EU1950E" name="com.test.Hometests" tests="1" failures="0" timestamp="10 Feb 2017 08:01:29 GMT" time="17.315" errors="0">
  <testcase name="Shopsears_Login_Page" time="17.315" classname="com.test.Hometests"/>
</testsuite> <!-- com.test.Hometests -->
